2021-04-25 16:42:35 INFO  LogHelper:31 - HHH000204: Processing PersistenceUnitInfo [name: default]
2021-04-25 16:42:35 INFO  Version:46 - HHH000412: Hibernate Core {5.4.1.Final}
2021-04-25 16:42:36 INFO  Version:49 - HCANN000001: Hibernate Commons Annotations {5.1.0.Final}
2021-04-25 16:42:37 INFO  Dialect:158 - HHH000400: Using dialect: org.hibernate.dialect.MySQL5Dialect
2021-04-25 16:42:38 INFO  JtaPlatformInitiator:52 - HHH000490: Using JtaPlatform implementation: [org.hibernate.engine.transaction.jta.platform.internal.NoJtaPlatform]
2021-04-25 16:46:22 INFO  LogHelper:31 - HHH000204: Processing PersistenceUnitInfo [name: default]
2021-04-25 16:46:22 INFO  Version:46 - HHH000412: Hibernate Core {5.4.1.Final}
2021-04-25 16:46:22 INFO  Version:49 - HCANN000001: Hibernate Commons Annotations {5.1.0.Final}
2021-04-25 16:46:23 INFO  Dialect:158 - HHH000400: Using dialect: org.hibernate.dialect.MySQL5Dialect
2021-04-25 16:46:25 INFO  JtaPlatformInitiator:52 - HHH000490: Using JtaPlatform implementation: [org.hibernate.engine.transaction.jta.platform.internal.NoJtaPlatform]
2021-04-25 16:48:48 INFO  LogHelper:31 - HHH000204: Processing PersistenceUnitInfo [name: default]
2021-04-25 16:48:48 INFO  Version:46 - HHH000412: Hibernate Core {5.4.1.Final}
2021-04-25 16:48:48 INFO  Version:49 - HCANN000001: Hibernate Commons Annotations {5.1.0.Final}
2021-04-25 16:48:49 INFO  Dialect:158 - HHH000400: Using dialect: org.hibernate.dialect.MySQL5Dialect
2021-04-25 16:48:51 INFO  JtaPlatformInitiator:52 - HHH000490: Using JtaPlatform implementation: [org.hibernate.engine.transaction.jta.platform.internal.NoJtaPlatform]
2021-04-25 16:54:47 INFO  LogHelper:31 - HHH000204: Processing PersistenceUnitInfo [name: default]
2021-04-25 16:54:47 INFO  Version:46 - HHH000412: Hibernate Core {5.4.1.Final}
2021-04-25 16:54:47 INFO  Version:49 - HCANN000001: Hibernate Commons Annotations {5.1.0.Final}
2021-04-25 16:54:48 INFO  Dialect:158 - HHH000400: Using dialect: org.hibernate.dialect.MySQL5Dialect
2021-04-25 16:54:49 INFO  JtaPlatformInitiator:52 - HHH000490: Using JtaPlatform implementation: [org.hibernate.engine.transaction.jta.platform.internal.NoJtaPlatform]
2021-04-25 16:58:50 INFO  LogHelper:31 - HHH000204: Processing PersistenceUnitInfo [name: default]
2021-04-25 16:58:50 INFO  Version:46 - HHH000412: Hibernate Core {5.4.1.Final}
2021-04-25 16:58:50 INFO  Version:49 - HCANN000001: Hibernate Commons Annotations {5.1.0.Final}
2021-04-25 16:58:52 INFO  Dialect:158 - HHH000400: Using dialect: org.hibernate.dialect.MySQL5Dialect
2021-04-25 16:58:53 INFO  JtaPlatformInitiator:52 - HHH000490: Using JtaPlatform implementation: [org.hibernate.engine.transaction.jta.platform.internal.NoJtaPlatform]
2021-04-25 17:53:43 INFO  LogHelper:31 - HHH000204: Processing PersistenceUnitInfo [name: default]
2021-04-25 17:53:43 INFO  Version:46 - HHH000412: Hibernate Core {5.4.1.Final}
2021-04-25 17:53:44 INFO  Version:49 - HCANN000001: Hibernate Commons Annotations {5.1.0.Final}
2021-04-25 17:53:45 INFO  Dialect:158 - HHH000400: Using dialect: org.hibernate.dialect.MySQL5Dialect
2021-04-25 17:53:46 INFO  JtaPlatformInitiator:52 - HHH000490: Using JtaPlatform implementation: [org.hibernate.engine.transaction.jta.platform.internal.NoJtaPlatform]
2021-04-25 17:57:58 INFO  LogHelper:31 - HHH000204: Processing PersistenceUnitInfo [name: default]
2021-04-25 17:57:58 INFO  Version:46 - HHH000412: Hibernate Core {5.4.1.Final}
2021-04-25 17:57:58 INFO  Version:49 - HCANN000001: Hibernate Commons Annotations {5.1.0.Final}
2021-04-25 17:57:59 INFO  Dialect:158 - HHH000400: Using dialect: org.hibernate.dialect.MySQL5Dialect
2021-04-25 17:58:00 INFO  JtaPlatformInitiator:52 - HHH000490: Using JtaPlatform implementation: [org.hibernate.engine.transaction.jta.platform.internal.NoJtaPlatform]
2021-04-25 18:45:50 INFO  LogHelper:31 - HHH000204: Processing PersistenceUnitInfo [name: default]
2021-04-25 18:45:51 INFO  Version:46 - HHH000412: Hibernate Core {5.4.1.Final}
2021-04-25 18:45:51 INFO  Version:49 - HCANN000001: Hibernate Commons Annotations {5.1.0.Final}
2021-04-25 18:45:53 INFO  Dialect:158 - HHH000400: Using dialect: org.hibernate.dialect.MySQL5Dialect
2021-04-25 18:45:54 INFO  JtaPlatformInitiator:52 - HHH000490: Using JtaPlatform implementation: [org.hibernate.engine.transaction.jta.platform.internal.NoJtaPlatform]
2021-04-25 18:55:45 INFO  LogHelper:31 - HHH000204: Processing PersistenceUnitInfo [name: default]
2021-04-25 18:55:45 INFO  Version:46 - HHH000412: Hibernate Core {5.4.1.Final}
2021-04-25 18:55:46 INFO  Version:49 - HCANN000001: Hibernate Commons Annotations {5.1.0.Final}
2021-04-25 18:55:47 INFO  Dialect:158 - HHH000400: Using dialect: org.hibernate.dialect.MySQL5Dialect
2021-04-25 18:55:50 INFO  JtaPlatformInitiator:52 - HHH000490: Using JtaPlatform implementation: [org.hibernate.engine.transaction.jta.platform.internal.NoJtaPlatform]
2021-04-25 18:59:57 INFO  LogHelper:31 - HHH000204: Processing PersistenceUnitInfo [name: default]
2021-04-25 18:59:57 INFO  Version:46 - HHH000412: Hibernate Core {5.4.1.Final}
2021-04-25 18:59:57 INFO  Version:49 - HCANN000001: Hibernate Commons Annotations {5.1.0.Final}
2021-04-25 18:59:58 INFO  Dialect:158 - HHH000400: Using dialect: org.hibernate.dialect.MySQL5Dialect
2021-04-25 19:00:00 INFO  JtaPlatformInitiator:52 - HHH000490: Using JtaPlatform implementation: [org.hibernate.engine.transaction.jta.platform.internal.NoJtaPlatform]
2021-04-25 21:09:09 INFO  LogHelper:31 - HHH000204: Processing PersistenceUnitInfo [name: default]
2021-04-25 21:09:09 INFO  Version:46 - HHH000412: Hibernate Core {5.4.1.Final}
2021-04-25 21:09:10 INFO  Version:49 - HCANN000001: Hibernate Commons Annotations {5.1.0.Final}
2021-04-25 21:09:11 INFO  Dialect:158 - HHH000400: Using dialect: org.hibernate.dialect.MySQL5Dialect
2021-04-25 21:09:13 INFO  JtaPlatformInitiator:52 - HHH000490: Using JtaPlatform implementation: [org.hibernate.engine.transaction.jta.platform.internal.NoJtaPlatform]
2021-04-25 21:42:47 INFO  LogHelper:31 - HHH000204: Processing PersistenceUnitInfo [name: default]
2021-04-25 21:42:47 INFO  Version:46 - HHH000412: Hibernate Core {5.4.1.Final}
2021-04-25 21:42:47 INFO  Version:49 - HCANN000001: Hibernate Commons Annotations {5.1.0.Final}
2021-04-25 21:42:48 INFO  Dialect:158 - HHH000400: Using dialect: org.hibernate.dialect.MySQL5Dialect
2021-04-25 21:42:50 INFO  JtaPlatformInitiator:52 - HHH000490: Using JtaPlatform implementation: [org.hibernate.engine.transaction.jta.platform.internal.NoJtaPlatform]
2021-04-25 22:51:44 INFO  LogHelper:31 - HHH000204: Processing PersistenceUnitInfo [name: default]
2021-04-25 22:51:44 INFO  Version:46 - HHH000412: Hibernate Core {5.4.1.Final}
2021-04-25 22:51:44 INFO  Version:49 - HCANN000001: Hibernate Commons Annotations {5.1.0.Final}
2021-04-25 22:51:45 INFO  Dialect:158 - HHH000400: Using dialect: org.hibernate.dialect.MySQL5Dialect
2021-04-25 22:51:47 INFO  JtaPlatformInitiator:52 - HHH000490: Using JtaPlatform implementation: [org.hibernate.engine.transaction.jta.platform.internal.NoJtaPlatform]
2021-04-25 22:53:01 INFO  LogHelper:31 - HHH000204: Processing PersistenceUnitInfo [name: default]
2021-04-25 22:53:01 INFO  Version:46 - HHH000412: Hibernate Core {5.4.1.Final}
2021-04-25 22:53:02 INFO  Version:49 - HCANN000001: Hibernate Commons Annotations {5.1.0.Final}
2021-04-25 22:53:03 INFO  Dialect:158 - HHH000400: Using dialect: org.hibernate.dialect.MySQL5Dialect
2021-04-25 22:53:04 INFO  JtaPlatformInitiator:52 - HHH000490: Using JtaPlatform implementation: [org.hibernate.engine.transaction.jta.platform.internal.NoJtaPlatform]
2021-04-25 22:53:32 WARN  SqlExceptionHelper:137 - SQL Error: 1451, SQLState: 23000
2021-04-25 22:53:32 ERROR SqlExceptionHelper:142 - Cannot delete or update a parent row: a foreign key constraint fails (`dealer_stat_db`.`comments`, CONSTRAINT `comments_ibfk_1` FOREIGN KEY (`trader_id_fk`) REFERENCES `users` (`id`))
2021-04-25 22:53:32 INFO  AbstractBatchImpl:201 - HHH000010: On release of batch it still contained JDBC statements
2021-04-25 22:53:32 ERROR ExceptionMapperStandardImpl:39 - HHH000346: Error during managed flush [org.hibernate.exception.ConstraintViolationException: could not execute statement]
2021-04-25 22:56:55 INFO  LogHelper:31 - HHH000204: Processing PersistenceUnitInfo [name: default]
2021-04-25 22:56:55 INFO  Version:46 - HHH000412: Hibernate Core {5.4.1.Final}
2021-04-25 22:56:55 INFO  Version:49 - HCANN000001: Hibernate Commons Annotations {5.1.0.Final}
2021-04-25 22:56:56 INFO  Dialect:158 - HHH000400: Using dialect: org.hibernate.dialect.MySQL5Dialect
2021-04-25 22:56:57 INFO  JtaPlatformInitiator:52 - HHH000490: Using JtaPlatform implementation: [org.hibernate.engine.transaction.jta.platform.internal.NoJtaPlatform]
2021-04-25 23:02:23 INFO  LogHelper:31 - HHH000204: Processing PersistenceUnitInfo [name: default]
2021-04-25 23:02:23 INFO  Version:46 - HHH000412: Hibernate Core {5.4.1.Final}
2021-04-25 23:02:23 INFO  Version:49 - HCANN000001: Hibernate Commons Annotations {5.1.0.Final}
2021-04-25 23:02:23 INFO  Dialect:158 - HHH000400: Using dialect: org.hibernate.dialect.MySQL5Dialect
2021-04-25 23:02:25 INFO  JtaPlatformInitiator:52 - HHH000490: Using JtaPlatform implementation: [org.hibernate.engine.transaction.jta.platform.internal.NoJtaPlatform]
2021-04-25 23:03:14 INFO  LogHelper:31 - HHH000204: Processing PersistenceUnitInfo [name: default]
2021-04-25 23:03:14 INFO  Version:46 - HHH000412: Hibernate Core {5.4.1.Final}
2021-04-25 23:03:14 INFO  Version:49 - HCANN000001: Hibernate Commons Annotations {5.1.0.Final}
2021-04-25 23:03:15 INFO  Dialect:158 - HHH000400: Using dialect: org.hibernate.dialect.MySQL5Dialect
2021-04-25 23:03:16 INFO  JtaPlatformInitiator:52 - HHH000490: Using JtaPlatform implementation: [org.hibernate.engine.transaction.jta.platform.internal.NoJtaPlatform]
2021-04-25 23:04:21 INFO  LogHelper:31 - HHH000204: Processing PersistenceUnitInfo [name: default]
2021-04-25 23:04:21 INFO  Version:46 - HHH000412: Hibernate Core {5.4.1.Final}
2021-04-25 23:04:21 INFO  Version:49 - HCANN000001: Hibernate Commons Annotations {5.1.0.Final}
2021-04-25 23:04:22 INFO  Dialect:158 - HHH000400: Using dialect: org.hibernate.dialect.MySQL5Dialect
2021-04-25 23:04:24 INFO  JtaPlatformInitiator:52 - HHH000490: Using JtaPlatform implementation: [org.hibernate.engine.transaction.jta.platform.internal.NoJtaPlatform]
2021-04-26 00:13:02 INFO  LogHelper:31 - HHH000204: Processing PersistenceUnitInfo [name: default]
2021-04-26 00:13:02 INFO  Version:46 - HHH000412: Hibernate Core {5.4.1.Final}
2021-04-26 00:13:03 INFO  Version:49 - HCANN000001: Hibernate Commons Annotations {5.1.0.Final}
2021-04-26 00:13:04 INFO  Dialect:158 - HHH000400: Using dialect: org.hibernate.dialect.MySQL5Dialect
2021-04-26 00:13:06 INFO  JtaPlatformInitiator:52 - HHH000490: Using JtaPlatform implementation: [org.hibernate.engine.transaction.jta.platform.internal.NoJtaPlatform]
2021-04-26 00:15:05 INFO  LogHelper:31 - HHH000204: Processing PersistenceUnitInfo [name: default]
2021-04-26 00:15:05 INFO  Version:46 - HHH000412: Hibernate Core {5.4.1.Final}
2021-04-26 00:15:06 INFO  Version:49 - HCANN000001: Hibernate Commons Annotations {5.1.0.Final}
2021-04-26 00:15:07 INFO  Dialect:158 - HHH000400: Using dialect: org.hibernate.dialect.MySQL5Dialect
2021-04-26 00:15:08 INFO  JtaPlatformInitiator:52 - HHH000490: Using JtaPlatform implementation: [org.hibernate.engine.transaction.jta.platform.internal.NoJtaPlatform]
2021-04-26 00:22:14 INFO  LogHelper:31 - HHH000204: Processing PersistenceUnitInfo [name: default]
2021-04-26 00:22:15 INFO  Version:46 - HHH000412: Hibernate Core {5.4.1.Final}
2021-04-26 00:22:15 INFO  Version:49 - HCANN000001: Hibernate Commons Annotations {5.1.0.Final}
2021-04-26 00:22:16 INFO  Dialect:158 - HHH000400: Using dialect: org.hibernate.dialect.MySQL5Dialect
2021-04-26 00:22:17 INFO  JtaPlatformInitiator:52 - HHH000490: Using JtaPlatform implementation: [org.hibernate.engine.transaction.jta.platform.internal.NoJtaPlatform]
2021-04-26 09:17:52 INFO  LogHelper:31 - HHH000204: Processing PersistenceUnitInfo [name: default]
2021-04-26 09:17:52 INFO  Version:46 - HHH000412: Hibernate Core {5.4.1.Final}
2021-04-26 09:17:53 INFO  Version:49 - HCANN000001: Hibernate Commons Annotations {5.1.0.Final}
2021-04-26 09:17:54 INFO  Dialect:158 - HHH000400: Using dialect: org.hibernate.dialect.MySQL5Dialect
2021-04-26 09:17:55 INFO  JtaPlatformInitiator:52 - HHH000490: Using JtaPlatform implementation: [org.hibernate.engine.transaction.jta.platform.internal.NoJtaPlatform]
2021-04-26 09:18:01 INFO  LogHelper:31 - HHH000204: Processing PersistenceUnitInfo [name: default]
2021-04-26 09:18:01 INFO  Dialect:158 - HHH000400: Using dialect: org.hibernate.dialect.MySQL5Dialect
2021-04-26 09:18:01 INFO  JtaPlatformInitiator:52 - HHH000490: Using JtaPlatform implementation: [org.hibernate.engine.transaction.jta.platform.internal.NoJtaPlatform]
2021-04-26 09:21:49 INFO  LogHelper:31 - HHH000204: Processing PersistenceUnitInfo [name: default]
2021-04-26 09:21:49 INFO  Version:46 - HHH000412: Hibernate Core {5.4.1.Final}
2021-04-26 09:21:49 INFO  Version:49 - HCANN000001: Hibernate Commons Annotations {5.1.0.Final}
2021-04-26 09:21:51 INFO  Dialect:158 - HHH000400: Using dialect: org.hibernate.dialect.MySQL5Dialect
2021-04-26 09:21:52 INFO  JtaPlatformInitiator:52 - HHH000490: Using JtaPlatform implementation: [org.hibernate.engine.transaction.jta.platform.internal.NoJtaPlatform]
2021-04-26 09:21:57 INFO  LogHelper:31 - HHH000204: Processing PersistenceUnitInfo [name: default]
2021-04-26 09:21:57 INFO  Dialect:158 - HHH000400: Using dialect: org.hibernate.dialect.MySQL5Dialect
2021-04-26 09:21:57 INFO  JtaPlatformInitiator:52 - HHH000490: Using JtaPlatform implementation: [org.hibernate.engine.transaction.jta.platform.internal.NoJtaPlatform]
2021-04-26 09:27:37 INFO  LogHelper:31 - HHH000204: Processing PersistenceUnitInfo [name: default]
2021-04-26 09:27:37 INFO  Version:46 - HHH000412: Hibernate Core {5.4.1.Final}
2021-04-26 09:27:37 INFO  Version:49 - HCANN000001: Hibernate Commons Annotations {5.1.0.Final}
2021-04-26 09:27:39 INFO  Dialect:158 - HHH000400: Using dialect: org.hibernate.dialect.MySQL5Dialect
2021-04-26 09:27:40 INFO  JtaPlatformInitiator:52 - HHH000490: Using JtaPlatform implementation: [org.hibernate.engine.transaction.jta.platform.internal.NoJtaPlatform]
2021-04-26 09:27:44 INFO  LogHelper:31 - HHH000204: Processing PersistenceUnitInfo [name: default]
2021-04-26 09:27:44 INFO  Dialect:158 - HHH000400: Using dialect: org.hibernate.dialect.MySQL5Dialect
2021-04-26 09:27:45 INFO  JtaPlatformInitiator:52 - HHH000490: Using JtaPlatform implementation: [org.hibernate.engine.transaction.jta.platform.internal.NoJtaPlatform]
2021-04-26 09:30:52 INFO  LogHelper:31 - HHH000204: Processing PersistenceUnitInfo [name: default]
2021-04-26 09:30:52 INFO  Version:46 - HHH000412: Hibernate Core {5.4.1.Final}
2021-04-26 09:30:52 INFO  Version:49 - HCANN000001: Hibernate Commons Annotations {5.1.0.Final}
2021-04-26 09:30:54 INFO  Dialect:158 - HHH000400: Using dialect: org.hibernate.dialect.MySQL5Dialect
2021-04-26 09:30:55 INFO  JtaPlatformInitiator:52 - HHH000490: Using JtaPlatform implementation: [org.hibernate.engine.transaction.jta.platform.internal.NoJtaPlatform]
2021-04-26 09:31:00 INFO  LogHelper:31 - HHH000204: Processing PersistenceUnitInfo [name: default]
2021-04-26 09:31:00 INFO  Dialect:158 - HHH000400: Using dialect: org.hibernate.dialect.MySQL5Dialect
2021-04-26 09:31:00 INFO  JtaPlatformInitiator:52 - HHH000490: Using JtaPlatform implementation: [org.hibernate.engine.transaction.jta.platform.internal.NoJtaPlatform]
2021-04-26 09:59:07 INFO  LogHelper:31 - HHH000204: Processing PersistenceUnitInfo [name: default]
2021-04-26 09:59:07 INFO  Version:46 - HHH000412: Hibernate Core {5.4.1.Final}
2021-04-26 09:59:07 INFO  Version:49 - HCANN000001: Hibernate Commons Annotations {5.1.0.Final}
2021-04-26 09:59:08 INFO  Dialect:158 - HHH000400: Using dialect: org.hibernate.dialect.MySQL5Dialect
2021-04-26 09:59:10 INFO  JtaPlatformInitiator:52 - HHH000490: Using JtaPlatform implementation: [org.hibernate.engine.transaction.jta.platform.internal.NoJtaPlatform]
2021-04-26 16:52:36 INFO  LogHelper:31 - HHH000204: Processing PersistenceUnitInfo [name: default]
2021-04-26 16:52:36 INFO  Version:46 - HHH000412: Hibernate Core {5.4.1.Final}
2021-04-26 16:52:37 INFO  Version:49 - HCANN000001: Hibernate Commons Annotations {5.1.0.Final}
2021-04-26 16:52:38 INFO  Dialect:158 - HHH000400: Using dialect: org.hibernate.dialect.MySQL5Dialect
2021-04-26 16:52:40 INFO  JtaPlatformInitiator:52 - HHH000490: Using JtaPlatform implementation: [org.hibernate.engine.transaction.jta.platform.internal.NoJtaPlatform]
2021-04-26 16:56:48 INFO  LogHelper:31 - HHH000204: Processing PersistenceUnitInfo [name: default]
2021-04-26 16:56:48 INFO  Version:46 - HHH000412: Hibernate Core {5.4.1.Final}
2021-04-26 16:56:48 INFO  Version:49 - HCANN000001: Hibernate Commons Annotations {5.1.0.Final}
2021-04-26 16:56:49 INFO  Dialect:158 - HHH000400: Using dialect: org.hibernate.dialect.MySQL5Dialect
2021-04-26 16:56:50 INFO  JtaPlatformInitiator:52 - HHH000490: Using JtaPlatform implementation: [org.hibernate.engine.transaction.jta.platform.internal.NoJtaPlatform]
2021-04-26 17:14:59 INFO  LogHelper:31 - HHH000204: Processing PersistenceUnitInfo [name: default]
2021-04-26 17:14:59 INFO  Version:46 - HHH000412: Hibernate Core {5.4.1.Final}
2021-04-26 17:14:59 INFO  Version:49 - HCANN000001: Hibernate Commons Annotations {5.1.0.Final}
2021-04-26 17:15:00 INFO  Dialect:158 - HHH000400: Using dialect: org.hibernate.dialect.MySQL5Dialect
2021-04-26 17:15:02 INFO  JtaPlatformInitiator:52 - HHH000490: Using JtaPlatform implementation: [org.hibernate.engine.transaction.jta.platform.internal.NoJtaPlatform]
2021-04-26 17:16:31 INFO  LogHelper:31 - HHH000204: Processing PersistenceUnitInfo [name: default]
2021-04-26 17:16:31 INFO  Version:46 - HHH000412: Hibernate Core {5.4.1.Final}
2021-04-26 17:16:31 INFO  Version:49 - HCANN000001: Hibernate Commons Annotations {5.1.0.Final}
2021-04-26 17:16:32 INFO  Dialect:158 - HHH000400: Using dialect: org.hibernate.dialect.MySQL5Dialect
2021-04-26 17:16:34 INFO  JtaPlatformInitiator:52 - HHH000490: Using JtaPlatform implementation: [org.hibernate.engine.transaction.jta.platform.internal.NoJtaPlatform]
2021-04-26 17:24:17 INFO  LogHelper:31 - HHH000204: Processing PersistenceUnitInfo [name: default]
2021-04-26 17:24:17 INFO  Version:46 - HHH000412: Hibernate Core {5.4.1.Final}
2021-04-26 17:24:17 INFO  Version:49 - HCANN000001: Hibernate Commons Annotations {5.1.0.Final}
2021-04-26 17:24:18 INFO  Dialect:158 - HHH000400: Using dialect: org.hibernate.dialect.MySQL5Dialect
2021-04-26 17:24:20 INFO  JtaPlatformInitiator:52 - HHH000490: Using JtaPlatform implementation: [org.hibernate.engine.transaction.jta.platform.internal.NoJtaPlatform]
2021-04-26 17:32:14 INFO  LogHelper:31 - HHH000204: Processing PersistenceUnitInfo [name: default]
2021-04-26 17:32:14 INFO  Version:46 - HHH000412: Hibernate Core {5.4.1.Final}
2021-04-26 17:32:15 INFO  Version:49 - HCANN000001: Hibernate Commons Annotations {5.1.0.Final}
2021-04-26 17:32:16 INFO  Dialect:158 - HHH000400: Using dialect: org.hibernate.dialect.MySQL5Dialect
2021-04-26 17:32:17 INFO  JtaPlatformInitiator:52 - HHH000490: Using JtaPlatform implementation: [org.hibernate.engine.transaction.jta.platform.internal.NoJtaPlatform]
2021-04-26 17:38:45 INFO  LogHelper:31 - HHH000204: Processing PersistenceUnitInfo [name: default]
2021-04-26 17:38:45 INFO  Version:46 - HHH000412: Hibernate Core {5.4.1.Final}
2021-04-26 17:38:46 INFO  Version:49 - HCANN000001: Hibernate Commons Annotations {5.1.0.Final}
2021-04-26 17:38:47 INFO  Dialect:158 - HHH000400: Using dialect: org.hibernate.dialect.MySQL5Dialect
2021-04-26 17:38:48 INFO  JtaPlatformInitiator:52 - HHH000490: Using JtaPlatform implementation: [org.hibernate.engine.transaction.jta.platform.internal.NoJtaPlatform]
2021-04-26 17:44:33 INFO  LogHelper:31 - HHH000204: Processing PersistenceUnitInfo [name: default]
2021-04-26 17:44:33 INFO  Version:46 - HHH000412: Hibernate Core {5.4.1.Final}
2021-04-26 17:44:33 INFO  Version:49 - HCANN000001: Hibernate Commons Annotations {5.1.0.Final}
2021-04-26 17:44:34 INFO  Dialect:158 - HHH000400: Using dialect: org.hibernate.dialect.MySQL5Dialect
2021-04-26 17:44:35 INFO  JtaPlatformInitiator:52 - HHH000490: Using JtaPlatform implementation: [org.hibernate.engine.transaction.jta.platform.internal.NoJtaPlatform]
2021-04-26 17:45:26 INFO  LogHelper:31 - HHH000204: Processing PersistenceUnitInfo [name: default]
2021-04-26 17:45:26 INFO  Version:46 - HHH000412: Hibernate Core {5.4.1.Final}
2021-04-26 17:45:26 INFO  Version:49 - HCANN000001: Hibernate Commons Annotations {5.1.0.Final}
2021-04-26 17:45:27 INFO  Dialect:158 - HHH000400: Using dialect: org.hibernate.dialect.MySQL5Dialect
2021-04-26 17:45:29 INFO  JtaPlatformInitiator:52 - HHH000490: Using JtaPlatform implementation: [org.hibernate.engine.transaction.jta.platform.internal.NoJtaPlatform]
2021-04-26 17:53:39 INFO  LogHelper:31 - HHH000204: Processing PersistenceUnitInfo [name: default]
2021-04-26 17:53:39 INFO  Version:46 - HHH000412: Hibernate Core {5.4.1.Final}
2021-04-26 17:53:40 INFO  Version:49 - HCANN000001: Hibernate Commons Annotations {5.1.0.Final}
2021-04-26 17:53:41 INFO  Dialect:158 - HHH000400: Using dialect: org.hibernate.dialect.MySQL5Dialect
2021-04-26 17:53:43 INFO  JtaPlatformInitiator:52 - HHH000490: Using JtaPlatform implementation: [org.hibernate.engine.transaction.jta.platform.internal.NoJtaPlatform]
2021-04-26 18:00:39 INFO  LogHelper:31 - HHH000204: Processing PersistenceUnitInfo [name: default]
2021-04-26 18:00:39 INFO  Version:46 - HHH000412: Hibernate Core {5.4.1.Final}
2021-04-26 18:00:39 INFO  Version:49 - HCANN000001: Hibernate Commons Annotations {5.1.0.Final}
2021-04-26 18:00:40 INFO  Dialect:158 - HHH000400: Using dialect: org.hibernate.dialect.MySQL5Dialect
2021-04-26 18:00:42 INFO  JtaPlatformInitiator:52 - HHH000490: Using JtaPlatform implementation: [org.hibernate.engine.transaction.jta.platform.internal.NoJtaPlatform]
2021-04-26 18:17:29 INFO  LogHelper:31 - HHH000204: Processing PersistenceUnitInfo [name: default]
2021-04-26 18:17:30 INFO  Version:46 - HHH000412: Hibernate Core {5.4.1.Final}
2021-04-26 18:17:30 INFO  Version:49 - HCANN000001: Hibernate Commons Annotations {5.1.0.Final}
2021-04-26 18:17:31 INFO  Dialect:158 - HHH000400: Using dialect: org.hibernate.dialect.MySQL5Dialect
2021-04-26 18:17:32 INFO  JtaPlatformInitiator:52 - HHH000490: Using JtaPlatform implementation: [org.hibernate.engine.transaction.jta.platform.internal.NoJtaPlatform]
2021-04-26 18:18:02 INFO  LogHelper:31 - HHH000204: Processing PersistenceUnitInfo [name: default]
2021-04-26 18:18:03 INFO  Version:46 - HHH000412: Hibernate Core {5.4.1.Final}
2021-04-26 18:18:03 INFO  Version:49 - HCANN000001: Hibernate Commons Annotations {5.1.0.Final}
2021-04-26 18:18:04 INFO  Dialect:158 - HHH000400: Using dialect: org.hibernate.dialect.MySQL5Dialect
2021-04-26 18:18:05 INFO  JtaPlatformInitiator:52 - HHH000490: Using JtaPlatform implementation: [org.hibernate.engine.transaction.jta.platform.internal.NoJtaPlatform]
2021-04-26 23:46:38 INFO  LogHelper:31 - HHH000204: Processing PersistenceUnitInfo [name: default]
2021-04-26 23:46:39 INFO  Version:46 - HHH000412: Hibernate Core {5.4.1.Final}
2021-04-26 23:46:39 INFO  Version:49 - HCANN000001: Hibernate Commons Annotations {5.1.0.Final}
2021-04-26 23:46:40 INFO  Dialect:158 - HHH000400: Using dialect: org.hibernate.dialect.MySQL5Dialect
2021-04-26 23:46:41 INFO  Version:21 - HV000001: Hibernate Validator 6.1.5.Final
2021-04-26 23:46:42 INFO  JtaPlatformInitiator:52 - HHH000490: Using JtaPlatform implementation: [org.hibernate.engine.transaction.jta.platform.internal.NoJtaPlatform]
2021-04-26 23:48:52 INFO  LogHelper:31 - HHH000204: Processing PersistenceUnitInfo [name: default]
2021-04-26 23:48:52 INFO  Version:46 - HHH000412: Hibernate Core {5.4.1.Final}
2021-04-26 23:48:52 INFO  Version:49 - HCANN000001: Hibernate Commons Annotations {5.1.0.Final}
2021-04-26 23:48:53 INFO  Dialect:158 - HHH000400: Using dialect: org.hibernate.dialect.MySQL5Dialect
2021-04-26 23:48:54 INFO  Version:21 - HV000001: Hibernate Validator 6.1.5.Final
2021-04-26 23:48:55 INFO  JtaPlatformInitiator:52 - HHH000490: Using JtaPlatform implementation: [org.hibernate.engine.transaction.jta.platform.internal.NoJtaPlatform]
2021-04-26 23:49:27 WARN  SqlExceptionHelper:137 - SQL Error: 1054, SQLState: 42S22
2021-04-26 23:49:27 ERROR SqlExceptionHelper:142 - Unknown column 'user0_.matchingPassword' in 'field list'
2021-04-26 23:49:50 WARN  SqlExceptionHelper:137 - SQL Error: 1054, SQLState: 42S22
2021-04-26 23:49:50 ERROR SqlExceptionHelper:142 - Unknown column 'user0_.matchingPassword' in 'field list'
2021-04-26 23:52:18 INFO  LogHelper:31 - HHH000204: Processing PersistenceUnitInfo [name: default]
2021-04-26 23:52:19 INFO  Version:46 - HHH000412: Hibernate Core {5.4.1.Final}
2021-04-26 23:52:19 INFO  Version:49 - HCANN000001: Hibernate Commons Annotations {5.1.0.Final}
2021-04-26 23:52:20 INFO  Dialect:158 - HHH000400: Using dialect: org.hibernate.dialect.MySQL5Dialect
2021-04-26 23:52:20 INFO  Version:21 - HV000001: Hibernate Validator 6.1.5.Final
2021-04-26 23:52:22 INFO  JtaPlatformInitiator:52 - HHH000490: Using JtaPlatform implementation: [org.hibernate.engine.transaction.jta.platform.internal.NoJtaPlatform]
2021-04-27 00:19:01 INFO  LogHelper:31 - HHH000204: Processing PersistenceUnitInfo [name: default]
2021-04-27 00:19:02 INFO  Version:46 - HHH000412: Hibernate Core {5.4.1.Final}
2021-04-27 00:19:02 INFO  Version:49 - HCANN000001: Hibernate Commons Annotations {5.1.0.Final}
2021-04-27 00:19:04 INFO  Dialect:158 - HHH000400: Using dialect: org.hibernate.dialect.MySQL5Dialect
2021-04-27 00:19:05 INFO  Version:21 - HV000001: Hibernate Validator 6.1.5.Final
2021-04-27 00:19:06 INFO  JtaPlatformInitiator:52 - HHH000490: Using JtaPlatform implementation: [org.hibernate.engine.transaction.jta.platform.internal.NoJtaPlatform]
2021-04-27 00:21:14 INFO  LogHelper:31 - HHH000204: Processing PersistenceUnitInfo [name: default]
2021-04-27 00:21:15 INFO  Version:46 - HHH000412: Hibernate Core {5.4.1.Final}
2021-04-27 00:21:15 INFO  Version:49 - HCANN000001: Hibernate Commons Annotations {5.1.0.Final}
2021-04-27 00:21:16 INFO  Dialect:158 - HHH000400: Using dialect: org.hibernate.dialect.MySQL5Dialect
2021-04-27 00:21:17 INFO  Version:21 - HV000001: Hibernate Validator 6.1.5.Final
2021-04-27 00:21:18 INFO  JtaPlatformInitiator:52 - HHH000490: Using JtaPlatform implementation: [org.hibernate.engine.transaction.jta.platform.internal.NoJtaPlatform]
2021-04-27 00:24:11 INFO  LogHelper:31 - HHH000204: Processing PersistenceUnitInfo [name: default]
2021-04-27 00:24:11 INFO  Version:46 - HHH000412: Hibernate Core {5.4.1.Final}
2021-04-27 00:24:12 INFO  Version:49 - HCANN000001: Hibernate Commons Annotations {5.1.0.Final}
2021-04-27 00:24:13 INFO  Dialect:158 - HHH000400: Using dialect: org.hibernate.dialect.MySQL5Dialect
2021-04-27 00:24:30 INFO  LogHelper:31 - HHH000204: Processing PersistenceUnitInfo [name: default]
2021-04-27 00:24:30 INFO  Version:46 - HHH000412: Hibernate Core {5.4.1.Final}
2021-04-27 00:24:31 INFO  Version:49 - HCANN000001: Hibernate Commons Annotations {5.1.0.Final}
2021-04-27 00:24:32 INFO  Dialect:158 - HHH000400: Using dialect: org.hibernate.dialect.MySQL5Dialect
2021-04-27 00:24:32 INFO  Version:21 - HV000001: Hibernate Validator 6.1.5.Final
2021-04-27 00:24:33 INFO  JtaPlatformInitiator:52 - HHH000490: Using JtaPlatform implementation: [org.hibernate.engine.transaction.jta.platform.internal.NoJtaPlatform]
2021-04-27 00:29:01 INFO  LogHelper:31 - HHH000204: Processing PersistenceUnitInfo [name: default]
2021-04-27 00:29:02 INFO  Version:46 - HHH000412: Hibernate Core {5.4.1.Final}
2021-04-27 00:29:02 INFO  Version:49 - HCANN000001: Hibernate Commons Annotations {5.1.0.Final}
2021-04-27 00:29:03 INFO  Dialect:158 - HHH000400: Using dialect: org.hibernate.dialect.MySQL5Dialect
2021-04-27 00:29:04 INFO  Version:21 - HV000001: Hibernate Validator 6.1.5.Final
2021-04-27 00:29:05 INFO  JtaPlatformInitiator:52 - HHH000490: Using JtaPlatform implementation: [org.hibernate.engine.transaction.jta.platform.internal.NoJtaPlatform]
2021-04-27 00:30:41 INFO  LogHelper:31 - HHH000204: Processing PersistenceUnitInfo [name: default]
2021-04-27 00:30:41 INFO  Version:46 - HHH000412: Hibernate Core {5.4.1.Final}
2021-04-27 00:30:41 INFO  Version:49 - HCANN000001: Hibernate Commons Annotations {5.1.0.Final}
2021-04-27 00:30:42 INFO  Dialect:158 - HHH000400: Using dialect: org.hibernate.dialect.MySQL5Dialect
2021-04-27 00:30:43 INFO  Version:21 - HV000001: Hibernate Validator 6.1.5.Final
2021-04-27 00:30:45 INFO  JtaPlatformInitiator:52 - HHH000490: Using JtaPlatform implementation: [org.hibernate.engine.transaction.jta.platform.internal.NoJtaPlatform]
2021-04-27 00:33:38 INFO  LogHelper:31 - HHH000204: Processing PersistenceUnitInfo [name: default]
2021-04-27 00:33:38 INFO  Version:46 - HHH000412: Hibernate Core {5.4.1.Final}
2021-04-27 00:33:38 INFO  Version:49 - HCANN000001: Hibernate Commons Annotations {5.1.0.Final}
2021-04-27 00:33:40 INFO  Dialect:158 - HHH000400: Using dialect: org.hibernate.dialect.MySQL5Dialect
2021-04-27 00:33:41 INFO  Version:21 - HV000001: Hibernate Validator 6.1.5.Final
2021-04-27 00:33:42 INFO  JtaPlatformInitiator:52 - HHH000490: Using JtaPlatform implementation: [org.hibernate.engine.transaction.jta.platform.internal.NoJtaPlatform]
2021-04-27 00:46:19 INFO  LogHelper:31 - HHH000204: Processing PersistenceUnitInfo [name: default]
2021-04-27 00:46:19 INFO  Version:46 - HHH000412: Hibernate Core {5.4.1.Final}
2021-04-27 00:46:20 INFO  Version:49 - HCANN000001: Hibernate Commons Annotations {5.1.0.Final}
2021-04-27 00:46:21 INFO  Dialect:158 - HHH000400: Using dialect: org.hibernate.dialect.MySQL5Dialect
2021-04-27 00:46:23 INFO  Version:21 - HV000001: Hibernate Validator 6.1.5.Final
2021-04-27 00:46:25 INFO  JtaPlatformInitiator:52 - HHH000490: Using JtaPlatform implementation: [org.hibernate.engine.transaction.jta.platform.internal.NoJtaPlatform]
2021-04-27 00:47:41 INFO  UserServiceImpl:78 - --- New user was added ---
2021-04-27 00:48:24 ERROR MailServiceImpl:47 - In method sendMessage: 535-5.7.8 Username and Password not accepted. Learn more at
535 5.7.8  https://support.google.com/mail/?p=BadCredentials v4sm21487443wme.14 - gsmtp

2021-04-27 00:57:16 INFO  UserServiceImpl:78 - --- New user was added ---
2021-04-27 00:59:50 ERROR RestResponseEntityExceptionHandler:48 - 500 Status Code
java.lang.NullPointerException
	at com.leverx.controller.AuthController.activateUserByCode(AuthController.java:28)
	at sun.reflect.NativeMethodAccessorImpl.invoke0(Native Method)
	at sun.reflect.NativeMethodAccessorImpl.invoke(NativeMethodAccessorImpl.java:62)
	at sun.reflect.DelegatingMethodAccessorImpl.invoke(DelegatingMethodAccessorImpl.java:43)
	at java.lang.reflect.Method.invoke(Method.java:498)
	at org.springframework.web.method.support.InvocableHandlerMethod.doInvoke(InvocableHandlerMethod.java:190)
	at org.springframework.web.method.support.InvocableHandlerMethod.invokeForRequest(InvocableHandlerMethod.java:138)
	at org.springframework.web.servlet.mvc.method.annotation.ServletInvocableHandlerMethod.invokeAndHandle(ServletInvocableHandlerMethod.java:105)
	at org.springframework.web.servlet.mvc.method.annotation.RequestMappingHandlerAdapter.invokeHandlerMethod(RequestMappingHandlerAdapter.java:878)
	at org.springframework.web.servlet.mvc.method.annotation.RequestMappingHandlerAdapter.handleInternal(RequestMappingHandlerAdapter.java:792)
	at org.springframework.web.servlet.mvc.method.AbstractHandlerMethodAdapter.handle(AbstractHandlerMethodAdapter.java:87)
	at org.springframework.web.servlet.DispatcherServlet.doDispatch(DispatcherServlet.java:1040)
	at org.springframework.web.servlet.DispatcherServlet.doService(DispatcherServlet.java:943)
	at org.springframework.web.servlet.FrameworkServlet.processRequest(FrameworkServlet.java:1006)
	at org.springframework.web.servlet.FrameworkServlet.doPost(FrameworkServlet.java:909)
	at javax.servlet.http.HttpServlet.service(HttpServlet.java:652)
	at org.springframework.web.servlet.FrameworkServlet.service(FrameworkServlet.java:883)
	at javax.servlet.http.HttpServlet.service(HttpServlet.java:733)
	at org.apache.catalina.core.ApplicationFilterChain.internalDoFilter(ApplicationFilterChain.java:231)
	at org.apache.catalina.core.ApplicationFilterChain.doFilter(ApplicationFilterChain.java:166)
	at org.apache.tomcat.websocket.server.WsFilter.doFilter(WsFilter.java:52)
	at org.apache.catalina.core.ApplicationFilterChain.internalDoFilter(ApplicationFilterChain.java:193)
	at org.apache.catalina.core.ApplicationFilterChain.doFilter(ApplicationFilterChain.java:166)
	at org.springframework.security.web.FilterChainProxy$VirtualFilterChain.doFilter(FilterChainProxy.java:327)
	at org.springframework.security.web.access.intercept.FilterSecurityInterceptor.invoke(FilterSecurityInterceptor.java:115)
	at org.springframework.security.web.access.intercept.FilterSecurityInterceptor.doFilter(FilterSecurityInterceptor.java:81)
	at org.springframework.security.web.FilterChainProxy$VirtualFilterChain.doFilter(FilterChainProxy.java:336)
	at org.springframework.security.web.access.ExceptionTranslationFilter.doFilter(ExceptionTranslationFilter.java:119)
	at org.springframework.security.web.access.ExceptionTranslationFilter.doFilter(ExceptionTranslationFilter.java:113)
	at org.springframework.security.web.FilterChainProxy$VirtualFilterChain.doFilter(FilterChainProxy.java:336)
	at org.springframework.security.web.session.SessionManagementFilter.doFilter(SessionManagementFilter.java:126)
	at org.springframework.security.web.session.SessionManagementFilter.doFilter(SessionManagementFilter.java:81)
	at org.springframework.security.web.FilterChainProxy$VirtualFilterChain.doFilter(FilterChainProxy.java:336)
	at org.springframework.security.web.authentication.AnonymousAuthenticationFilter.doFilter(AnonymousAuthenticationFilter.java:105)
	at org.springframework.security.web.FilterChainProxy$VirtualFilterChain.doFilter(FilterChainProxy.java:336)
	at org.springframework.security.web.servletapi.SecurityContextHolderAwareRequestFilter.doFilter(SecurityContextHolderAwareRequestFilter.java:149)
	at org.springframework.security.web.FilterChainProxy$VirtualFilterChain.doFilter(FilterChainProxy.java:336)
	at org.springframework.security.web.savedrequest.RequestCacheAwareFilter.doFilter(RequestCacheAwareFilter.java:63)
	at org.springframework.security.web.FilterChainProxy$VirtualFilterChain.doFilter(FilterChainProxy.java:336)
	at org.springframework.security.web.authentication.AbstractAuthenticationProcessingFilter.doFilter(AbstractAuthenticationProcessingFilter.java:218)
	at org.springframework.security.web.authentication.AbstractAuthenticationProcessingFilter.doFilter(AbstractAuthenticationProcessingFilter.java:212)
	at org.springframework.security.web.FilterChainProxy$VirtualFilterChain.doFilter(FilterChainProxy.java:336)
	at org.springframework.security.web.authentication.logout.LogoutFilter.doFilter(LogoutFilter.java:103)
	at org.springframework.security.web.authentication.logout.LogoutFilter.doFilter(LogoutFilter.java:89)
	at org.springframework.security.web.FilterChainProxy$VirtualFilterChain.doFilter(FilterChainProxy.java:336)
	at org.springframework.security.web.header.HeaderWriterFilter.doHeadersAfter(HeaderWriterFilter.java:90)
	at org.springframework.security.web.header.HeaderWriterFilter.doFilterInternal(HeaderWriterFilter.java:75)
	at org.springframework.web.filter.OncePerRequestFilter.doFilter(OncePerRequestFilter.java:119)
	at org.springframework.security.web.FilterChainProxy$VirtualFilterChain.doFilter(FilterChainProxy.java:336)
	at org.springframework.security.web.context.SecurityContextPersistenceFilter.doFilter(SecurityContextPersistenceFilter.java:110)
	at org.springframework.security.web.context.SecurityContextPersistenceFilter.doFilter(SecurityContextPersistenceFilter.java:80)
	at org.springframework.security.web.FilterChainProxy$VirtualFilterChain.doFilter(FilterChainProxy.java:336)
	at org.springframework.security.web.context.request.async.WebAsyncManagerIntegrationFilter.doFilterInternal(WebAsyncManagerIntegrationFilter.java:55)
	at org.springframework.web.filter.OncePerRequestFilter.doFilter(OncePerRequestFilter.java:119)
	at org.springframework.security.web.FilterChainProxy$VirtualFilterChain.doFilter(FilterChainProxy.java:336)
	at org.springframework.security.web.FilterChainProxy.doFilterInternal(FilterChainProxy.java:211)
	at org.springframework.security.web.FilterChainProxy.doFilter(FilterChainProxy.java:183)
	at org.springframework.web.filter.DelegatingFilterProxy.invokeDelegate(DelegatingFilterProxy.java:358)
	at org.springframework.web.filter.DelegatingFilterProxy.doFilter(DelegatingFilterProxy.java:271)
	at org.apache.catalina.core.ApplicationFilterChain.internalDoFilter(ApplicationFilterChain.java:193)
	at org.apache.catalina.core.ApplicationFilterChain.doFilter(ApplicationFilterChain.java:166)
	at org.apache.catalina.core.StandardWrapperValve.invoke(StandardWrapperValve.java:201)
	at org.apache.catalina.core.StandardContextValve.invoke(StandardContextValve.java:97)
	at org.apache.catalina.authenticator.AuthenticatorBase.invoke(AuthenticatorBase.java:544)
	at org.apache.catalina.core.StandardHostValve.invoke(StandardHostValve.java:143)
	at org.apache.catalina.valves.ErrorReportValve.invoke(ErrorReportValve.java:81)
	at org.apache.catalina.valves.AbstractAccessLogValve.invoke(AbstractAccessLogValve.java:698)
	at org.apache.catalina.core.StandardEngineValve.invoke(StandardEngineValve.java:78)
	at org.apache.catalina.connector.CoyoteAdapter.service(CoyoteAdapter.java:364)
	at org.apache.coyote.http11.Http11Processor.service(Http11Processor.java:616)
	at org.apache.coyote.AbstractProcessorLight.process(AbstractProcessorLight.java:65)
	at org.apache.coyote.AbstractProtocol$ConnectionHandler.process(AbstractProtocol.java:831)
	at org.apache.tomcat.util.net.NioEndpoint$SocketProcessor.doRun(NioEndpoint.java:1629)
	at org.apache.tomcat.util.net.SocketProcessorBase.run(SocketProcessorBase.java:49)
	at java.util.concurrent.ThreadPoolExecutor.runWorker(ThreadPoolExecutor.java:1149)
	at java.util.concurrent.ThreadPoolExecutor$Worker.run(ThreadPoolExecutor.java:624)
	at org.apache.tomcat.util.threads.TaskThread$WrappingRunnable.run(TaskThread.java:61)
	at java.lang.Thread.run(Thread.java:748)
2021-04-27 01:04:19 INFO  LogHelper:31 - HHH000204: Processing PersistenceUnitInfo [name: default]
2021-04-27 01:04:19 INFO  Version:46 - HHH000412: Hibernate Core {5.4.1.Final}
2021-04-27 01:04:20 INFO  Version:49 - HCANN000001: Hibernate Commons Annotations {5.1.0.Final}
2021-04-27 01:04:21 INFO  Dialect:158 - HHH000400: Using dialect: org.hibernate.dialect.MySQL5Dialect
2021-04-27 01:04:22 INFO  Version:21 - HV000001: Hibernate Validator 6.1.5.Final
2021-04-27 01:04:25 INFO  JtaPlatformInitiator:52 - HHH000490: Using JtaPlatform implementation: [org.hibernate.engine.transaction.jta.platform.internal.NoJtaPlatform]
2021-04-27 01:05:18 INFO  UserServiceImpl:78 - --- New user was added ---
2021-04-27 01:13:35 INFO  LogHelper:31 - HHH000204: Processing PersistenceUnitInfo [name: default]
2021-04-27 01:13:35 INFO  Version:46 - HHH000412: Hibernate Core {5.4.1.Final}
2021-04-27 01:13:36 INFO  Version:49 - HCANN000001: Hibernate Commons Annotations {5.1.0.Final}
2021-04-27 01:13:37 INFO  Dialect:158 - HHH000400: Using dialect: org.hibernate.dialect.MySQL5Dialect
2021-04-27 01:13:37 INFO  Version:21 - HV000001: Hibernate Validator 6.1.5.Final
2021-04-27 01:13:38 INFO  JtaPlatformInitiator:52 - HHH000490: Using JtaPlatform implementation: [org.hibernate.engine.transaction.jta.platform.internal.NoJtaPlatform]
2021-04-27 01:15:45 INFO  LogHelper:31 - HHH000204: Processing PersistenceUnitInfo [name: default]
2021-04-27 01:15:45 INFO  Version:46 - HHH000412: Hibernate Core {5.4.1.Final}
2021-04-27 01:15:46 INFO  Version:49 - HCANN000001: Hibernate Commons Annotations {5.1.0.Final}
2021-04-27 01:15:47 INFO  Dialect:158 - HHH000400: Using dialect: org.hibernate.dialect.MySQL5Dialect
2021-04-27 01:15:48 INFO  Version:21 - HV000001: Hibernate Validator 6.1.5.Final
2021-04-27 01:15:49 INFO  JtaPlatformInitiator:52 - HHH000490: Using JtaPlatform implementation: [org.hibernate.engine.transaction.jta.platform.internal.NoJtaPlatform]
2021-04-27 01:22:56 ERROR RestResponseEntityExceptionHandler:41 - 409 Status Code
com.leverx.error.exception.UserAlreadyExistException: There is an account with that email address
	at com.leverx.service.impl.UserServiceImpl.registerNewUserAccount(UserServiceImpl.java:71)
	at sun.reflect.NativeMethodAccessorImpl.invoke0(Native Method)
	at sun.reflect.NativeMethodAccessorImpl.invoke(NativeMethodAccessorImpl.java:62)
	at sun.reflect.DelegatingMethodAccessorImpl.invoke(DelegatingMethodAccessorImpl.java:43)
	at java.lang.reflect.Method.invoke(Method.java:498)
	at org.springframework.aop.support.AopUtils.invokeJoinpointUsingReflection(AopUtils.java:344)
	at org.springframework.aop.framework.ReflectiveMethodInvocation.invokeJoinpoint(ReflectiveMethodInvocation.java:198)
	at org.springframework.aop.framework.ReflectiveMethodInvocation.proceed(ReflectiveMethodInvocation.java:163)
	at org.springframework.transaction.interceptor.TransactionAspectSupport.invokeWithinTransaction(TransactionAspectSupport.java:367)
	at org.springframework.transaction.interceptor.TransactionInterceptor.invoke(TransactionInterceptor.java:118)
	at org.springframework.aop.framework.ReflectiveMethodInvocation.proceed(ReflectiveMethodInvocation.java:186)
	at org.springframework.aop.framework.JdkDynamicAopProxy.invoke(JdkDynamicAopProxy.java:212)
	at com.sun.proxy.$Proxy87.registerNewUserAccount(Unknown Source)
	at com.leverx.controller.RegistrationController.registerUserAccount(RegistrationController.java:35)
	at sun.reflect.NativeMethodAccessorImpl.invoke0(Native Method)
	at sun.reflect.NativeMethodAccessorImpl.invoke(NativeMethodAccessorImpl.java:62)
	at sun.reflect.DelegatingMethodAccessorImpl.invoke(DelegatingMethodAccessorImpl.java:43)
	at java.lang.reflect.Method.invoke(Method.java:498)
	at org.springframework.web.method.support.InvocableHandlerMethod.doInvoke(InvocableHandlerMethod.java:190)
	at org.springframework.web.method.support.InvocableHandlerMethod.invokeForRequest(InvocableHandlerMethod.java:138)
	at org.springframework.web.servlet.mvc.method.annotation.ServletInvocableHandlerMethod.invokeAndHandle(ServletInvocableHandlerMethod.java:105)
	at org.springframework.web.servlet.mvc.method.annotation.RequestMappingHandlerAdapter.invokeHandlerMethod(RequestMappingHandlerAdapter.java:878)
	at org.springframework.web.servlet.mvc.method.annotation.RequestMappingHandlerAdapter.handleInternal(RequestMappingHandlerAdapter.java:792)
	at org.springframework.web.servlet.mvc.method.AbstractHandlerMethodAdapter.handle(AbstractHandlerMethodAdapter.java:87)
	at org.springframework.web.servlet.DispatcherServlet.doDispatch(DispatcherServlet.java:1040)
	at org.springframework.web.servlet.DispatcherServlet.doService(DispatcherServlet.java:943)
	at org.springframework.web.servlet.FrameworkServlet.processRequest(FrameworkServlet.java:1006)
	at org.springframework.web.servlet.FrameworkServlet.doPost(FrameworkServlet.java:909)
	at javax.servlet.http.HttpServlet.service(HttpServlet.java:652)
	at org.springframework.web.servlet.FrameworkServlet.service(FrameworkServlet.java:883)
	at javax.servlet.http.HttpServlet.service(HttpServlet.java:733)
	at org.apache.catalina.core.ApplicationFilterChain.internalDoFilter(ApplicationFilterChain.java:231)
	at org.apache.catalina.core.ApplicationFilterChain.doFilter(ApplicationFilterChain.java:166)
	at org.apache.tomcat.websocket.server.WsFilter.doFilter(WsFilter.java:52)
	at org.apache.catalina.core.ApplicationFilterChain.internalDoFilter(ApplicationFilterChain.java:193)
	at org.apache.catalina.core.ApplicationFilterChain.doFilter(ApplicationFilterChain.java:166)
	at org.springframework.security.web.FilterChainProxy$VirtualFilterChain.doFilter(FilterChainProxy.java:327)
	at org.springframework.security.web.access.intercept.FilterSecurityInterceptor.invoke(FilterSecurityInterceptor.java:115)
	at org.springframework.security.web.access.intercept.FilterSecurityInterceptor.doFilter(FilterSecurityInterceptor.java:81)
	at org.springframework.security.web.FilterChainProxy$VirtualFilterChain.doFilter(FilterChainProxy.java:336)
	at org.springframework.security.web.access.ExceptionTranslationFilter.doFilter(ExceptionTranslationFilter.java:119)
	at org.springframework.security.web.access.ExceptionTranslationFilter.doFilter(ExceptionTranslationFilter.java:113)
	at org.springframework.security.web.FilterChainProxy$VirtualFilterChain.doFilter(FilterChainProxy.java:336)
	at org.springframework.security.web.session.SessionManagementFilter.doFilter(SessionManagementFilter.java:126)
	at org.springframework.security.web.session.SessionManagementFilter.doFilter(SessionManagementFilter.java:81)
	at org.springframework.security.web.FilterChainProxy$VirtualFilterChain.doFilter(FilterChainProxy.java:336)
	at org.springframework.security.web.authentication.AnonymousAuthenticationFilter.doFilter(AnonymousAuthenticationFilter.java:105)
	at org.springframework.security.web.FilterChainProxy$VirtualFilterChain.doFilter(FilterChainProxy.java:336)
	at org.springframework.security.web.servletapi.SecurityContextHolderAwareRequestFilter.doFilter(SecurityContextHolderAwareRequestFilter.java:149)
	at org.springframework.security.web.FilterChainProxy$VirtualFilterChain.doFilter(FilterChainProxy.java:336)
	at org.springframework.security.web.savedrequest.RequestCacheAwareFilter.doFilter(RequestCacheAwareFilter.java:63)
	at org.springframework.security.web.FilterChainProxy$VirtualFilterChain.doFilter(FilterChainProxy.java:336)
	at org.springframework.security.web.authentication.AbstractAuthenticationProcessingFilter.doFilter(AbstractAuthenticationProcessingFilter.java:218)
	at org.springframework.security.web.authentication.AbstractAuthenticationProcessingFilter.doFilter(AbstractAuthenticationProcessingFilter.java:212)
	at org.springframework.security.web.FilterChainProxy$VirtualFilterChain.doFilter(FilterChainProxy.java:336)
	at org.springframework.security.web.authentication.logout.LogoutFilter.doFilter(LogoutFilter.java:103)
	at org.springframework.security.web.authentication.logout.LogoutFilter.doFilter(LogoutFilter.java:89)
	at org.springframework.security.web.FilterChainProxy$VirtualFilterChain.doFilter(FilterChainProxy.java:336)
	at org.springframework.security.web.header.HeaderWriterFilter.doHeadersAfter(HeaderWriterFilter.java:90)
	at org.springframework.security.web.header.HeaderWriterFilter.doFilterInternal(HeaderWriterFilter.java:75)
	at org.springframework.web.filter.OncePerRequestFilter.doFilter(OncePerRequestFilter.java:119)
	at org.springframework.security.web.FilterChainProxy$VirtualFilterChain.doFilter(FilterChainProxy.java:336)
	at org.springframework.security.web.context.SecurityContextPersistenceFilter.doFilter(SecurityContextPersistenceFilter.java:110)
	at org.springframework.security.web.context.SecurityContextPersistenceFilter.doFilter(SecurityContextPersistenceFilter.java:80)
	at org.springframework.security.web.FilterChainProxy$VirtualFilterChain.doFilter(FilterChainProxy.java:336)
	at org.springframework.security.web.context.request.async.WebAsyncManagerIntegrationFilter.doFilterInternal(WebAsyncManagerIntegrationFilter.java:55)
	at org.springframework.web.filter.OncePerRequestFilter.doFilter(OncePerRequestFilter.java:119)
	at org.springframework.security.web.FilterChainProxy$VirtualFilterChain.doFilter(FilterChainProxy.java:336)
	at org.springframework.security.web.FilterChainProxy.doFilterInternal(FilterChainProxy.java:211)
	at org.springframework.security.web.FilterChainProxy.doFilter(FilterChainProxy.java:183)
	at org.springframework.web.filter.DelegatingFilterProxy.invokeDelegate(DelegatingFilterProxy.java:358)
	at org.springframework.web.filter.DelegatingFilterProxy.doFilter(DelegatingFilterProxy.java:271)
	at org.apache.catalina.core.ApplicationFilterChain.internalDoFilter(ApplicationFilterChain.java:193)
	at org.apache.catalina.core.ApplicationFilterChain.doFilter(ApplicationFilterChain.java:166)
	at org.apache.catalina.core.StandardWrapperValve.invoke(StandardWrapperValve.java:201)
	at org.apache.catalina.core.StandardContextValve.invoke(StandardContextValve.java:97)
	at org.apache.catalina.authenticator.AuthenticatorBase.invoke(AuthenticatorBase.java:544)
	at org.apache.catalina.core.StandardHostValve.invoke(StandardHostValve.java:143)
	at org.apache.catalina.valves.ErrorReportValve.invoke(ErrorReportValve.java:81)
	at org.apache.catalina.valves.AbstractAccessLogValve.invoke(AbstractAccessLogValve.java:698)
	at org.apache.catalina.core.StandardEngineValve.invoke(StandardEngineValve.java:78)
	at org.apache.catalina.connector.CoyoteAdapter.service(CoyoteAdapter.java:364)
	at org.apache.coyote.http11.Http11Processor.service(Http11Processor.java:616)
	at org.apache.coyote.AbstractProcessorLight.process(AbstractProcessorLight.java:65)
	at org.apache.coyote.AbstractProtocol$ConnectionHandler.process(AbstractProtocol.java:831)
	at org.apache.tomcat.util.net.NioEndpoint$SocketProcessor.doRun(NioEndpoint.java:1629)
	at org.apache.tomcat.util.net.SocketProcessorBase.run(SocketProcessorBase.java:49)
	at java.util.concurrent.ThreadPoolExecutor.runWorker(ThreadPoolExecutor.java:1149)
	at java.util.concurrent.ThreadPoolExecutor$Worker.run(ThreadPoolExecutor.java:624)
	at org.apache.tomcat.util.threads.TaskThread$WrappingRunnable.run(TaskThread.java:61)
	at java.lang.Thread.run(Thread.java:748)
2021-04-27 12:04:28 INFO  LogHelper:31 - HHH000204: Processing PersistenceUnitInfo [name: default]
2021-04-27 12:04:28 INFO  Version:46 - HHH000412: Hibernate Core {5.4.1.Final}
2021-04-27 12:04:29 INFO  Version:49 - HCANN000001: Hibernate Commons Annotations {5.1.0.Final}
2021-04-27 12:04:34 INFO  Dialect:158 - HHH000400: Using dialect: org.hibernate.dialect.MySQL5Dialect
2021-04-27 12:04:46 INFO  Version:21 - HV000001: Hibernate Validator 6.1.5.Final
2021-04-27 12:04:54 INFO  JtaPlatformInitiator:52 - HHH000490: Using JtaPlatform implementation: [org.hibernate.engine.transaction.jta.platform.internal.NoJtaPlatform]
2021-04-27 12:05:49 ERROR RestResponseEntityExceptionHandler:59 - 409 Status Code
com.leverx.error.exception.UserAlreadyExistException: There is an account with that email address
	at com.leverx.service.impl.UserServiceImpl.registerNewUserAccount(UserServiceImpl.java:71)
	at sun.reflect.NativeMethodAccessorImpl.invoke0(Native Method)
	at sun.reflect.NativeMethodAccessorImpl.invoke(NativeMethodAccessorImpl.java:62)
	at sun.reflect.DelegatingMethodAccessorImpl.invoke(DelegatingMethodAccessorImpl.java:43)
	at java.lang.reflect.Method.invoke(Method.java:498)
	at org.springframework.aop.support.AopUtils.invokeJoinpointUsingReflection(AopUtils.java:344)
	at org.springframework.aop.framework.ReflectiveMethodInvocation.invokeJoinpoint(ReflectiveMethodInvocation.java:198)
	at org.springframework.aop.framework.ReflectiveMethodInvocation.proceed(ReflectiveMethodInvocation.java:163)
	at org.springframework.transaction.interceptor.TransactionAspectSupport.invokeWithinTransaction(TransactionAspectSupport.java:367)
	at org.springframework.transaction.interceptor.TransactionInterceptor.invoke(TransactionInterceptor.java:118)
	at org.springframework.aop.framework.ReflectiveMethodInvocation.proceed(ReflectiveMethodInvocation.java:186)
	at org.springframework.aop.framework.JdkDynamicAopProxy.invoke(JdkDynamicAopProxy.java:212)
	at com.sun.proxy.$Proxy87.registerNewUserAccount(Unknown Source)
	at com.leverx.controller.RegistrationController.registerUserAccount(RegistrationController.java:36)
	at sun.reflect.NativeMethodAccessorImpl.invoke0(Native Method)
	at sun.reflect.NativeMethodAccessorImpl.invoke(NativeMethodAccessorImpl.java:62)
	at sun.reflect.DelegatingMethodAccessorImpl.invoke(DelegatingMethodAccessorImpl.java:43)
	at java.lang.reflect.Method.invoke(Method.java:498)
	at org.springframework.web.method.support.InvocableHandlerMethod.doInvoke(InvocableHandlerMethod.java:190)
	at org.springframework.web.method.support.InvocableHandlerMethod.invokeForRequest(InvocableHandlerMethod.java:138)
	at org.springframework.web.servlet.mvc.method.annotation.ServletInvocableHandlerMethod.invokeAndHandle(ServletInvocableHandlerMethod.java:105)
	at org.springframework.web.servlet.mvc.method.annotation.RequestMappingHandlerAdapter.invokeHandlerMethod(RequestMappingHandlerAdapter.java:878)
	at org.springframework.web.servlet.mvc.method.annotation.RequestMappingHandlerAdapter.handleInternal(RequestMappingHandlerAdapter.java:792)
	at org.springframework.web.servlet.mvc.method.AbstractHandlerMethodAdapter.handle(AbstractHandlerMethodAdapter.java:87)
	at org.springframework.web.servlet.DispatcherServlet.doDispatch(DispatcherServlet.java:1040)
	at org.springframework.web.servlet.DispatcherServlet.doService(DispatcherServlet.java:943)
	at org.springframework.web.servlet.FrameworkServlet.processRequest(FrameworkServlet.java:1006)
	at org.springframework.web.servlet.FrameworkServlet.doPost(FrameworkServlet.java:909)
	at javax.servlet.http.HttpServlet.service(HttpServlet.java:652)
	at org.springframework.web.servlet.FrameworkServlet.service(FrameworkServlet.java:883)
	at javax.servlet.http.HttpServlet.service(HttpServlet.java:733)
	at org.apache.catalina.core.ApplicationFilterChain.internalDoFilter(ApplicationFilterChain.java:231)
	at org.apache.catalina.core.ApplicationFilterChain.doFilter(ApplicationFilterChain.java:166)
	at org.apache.tomcat.websocket.server.WsFilter.doFilter(WsFilter.java:52)
	at org.apache.catalina.core.ApplicationFilterChain.internalDoFilter(ApplicationFilterChain.java:193)
	at org.apache.catalina.core.ApplicationFilterChain.doFilter(ApplicationFilterChain.java:166)
	at org.springframework.security.web.FilterChainProxy$VirtualFilterChain.doFilter(FilterChainProxy.java:327)
	at org.springframework.security.web.access.intercept.FilterSecurityInterceptor.invoke(FilterSecurityInterceptor.java:115)
	at org.springframework.security.web.access.intercept.FilterSecurityInterceptor.doFilter(FilterSecurityInterceptor.java:81)
	at org.springframework.security.web.FilterChainProxy$VirtualFilterChain.doFilter(FilterChainProxy.java:336)
	at org.springframework.security.web.access.ExceptionTranslationFilter.doFilter(ExceptionTranslationFilter.java:119)
	at org.springframework.security.web.access.ExceptionTranslationFilter.doFilter(ExceptionTranslationFilter.java:113)
	at org.springframework.security.web.FilterChainProxy$VirtualFilterChain.doFilter(FilterChainProxy.java:336)
	at org.springframework.security.web.session.SessionManagementFilter.doFilter(SessionManagementFilter.java:126)
	at org.springframework.security.web.session.SessionManagementFilter.doFilter(SessionManagementFilter.java:81)
	at org.springframework.security.web.FilterChainProxy$VirtualFilterChain.doFilter(FilterChainProxy.java:336)
	at org.springframework.security.web.authentication.AnonymousAuthenticationFilter.doFilter(AnonymousAuthenticationFilter.java:105)
	at org.springframework.security.web.FilterChainProxy$VirtualFilterChain.doFilter(FilterChainProxy.java:336)
	at org.springframework.security.web.servletapi.SecurityContextHolderAwareRequestFilter.doFilter(SecurityContextHolderAwareRequestFilter.java:149)
	at org.springframework.security.web.FilterChainProxy$VirtualFilterChain.doFilter(FilterChainProxy.java:336)
	at org.springframework.security.web.savedrequest.RequestCacheAwareFilter.doFilter(RequestCacheAwareFilter.java:63)
	at org.springframework.security.web.FilterChainProxy$VirtualFilterChain.doFilter(FilterChainProxy.java:336)
	at org.springframework.security.web.authentication.AbstractAuthenticationProcessingFilter.doFilter(AbstractAuthenticationProcessingFilter.java:218)
	at org.springframework.security.web.authentication.AbstractAuthenticationProcessingFilter.doFilter(AbstractAuthenticationProcessingFilter.java:212)
	at org.springframework.security.web.FilterChainProxy$VirtualFilterChain.doFilter(FilterChainProxy.java:336)
	at org.springframework.security.web.authentication.logout.LogoutFilter.doFilter(LogoutFilter.java:103)
	at org.springframework.security.web.authentication.logout.LogoutFilter.doFilter(LogoutFilter.java:89)
	at org.springframework.security.web.FilterChainProxy$VirtualFilterChain.doFilter(FilterChainProxy.java:336)
	at org.springframework.security.web.header.HeaderWriterFilter.doHeadersAfter(HeaderWriterFilter.java:90)
	at org.springframework.security.web.header.HeaderWriterFilter.doFilterInternal(HeaderWriterFilter.java:75)
	at org.springframework.web.filter.OncePerRequestFilter.doFilter(OncePerRequestFilter.java:119)
	at org.springframework.security.web.FilterChainProxy$VirtualFilterChain.doFilter(FilterChainProxy.java:336)
	at org.springframework.security.web.context.SecurityContextPersistenceFilter.doFilter(SecurityContextPersistenceFilter.java:110)
	at org.springframework.security.web.context.SecurityContextPersistenceFilter.doFilter(SecurityContextPersistenceFilter.java:80)
	at org.springframework.security.web.FilterChainProxy$VirtualFilterChain.doFilter(FilterChainProxy.java:336)
	at org.springframework.security.web.context.request.async.WebAsyncManagerIntegrationFilter.doFilterInternal(WebAsyncManagerIntegrationFilter.java:55)
	at org.springframework.web.filter.OncePerRequestFilter.doFilter(OncePerRequestFilter.java:119)
	at org.springframework.security.web.FilterChainProxy$VirtualFilterChain.doFilter(FilterChainProxy.java:336)
	at org.springframework.security.web.FilterChainProxy.doFilterInternal(FilterChainProxy.java:211)
	at org.springframework.security.web.FilterChainProxy.doFilter(FilterChainProxy.java:183)
	at org.springframework.web.filter.DelegatingFilterProxy.invokeDelegate(DelegatingFilterProxy.java:358)
	at org.springframework.web.filter.DelegatingFilterProxy.doFilter(DelegatingFilterProxy.java:271)
	at org.apache.catalina.core.ApplicationFilterChain.internalDoFilter(ApplicationFilterChain.java:193)
	at org.apache.catalina.core.ApplicationFilterChain.doFilter(ApplicationFilterChain.java:166)
	at org.apache.catalina.core.StandardWrapperValve.invoke(StandardWrapperValve.java:201)
	at org.apache.catalina.core.StandardContextValve.invoke(StandardContextValve.java:97)
	at org.apache.catalina.authenticator.AuthenticatorBase.invoke(AuthenticatorBase.java:544)
	at org.apache.catalina.core.StandardHostValve.invoke(StandardHostValve.java:143)
	at org.apache.catalina.valves.ErrorReportValve.invoke(ErrorReportValve.java:81)
	at org.apache.catalina.valves.AbstractAccessLogValve.invoke(AbstractAccessLogValve.java:698)
	at org.apache.catalina.core.StandardEngineValve.invoke(StandardEngineValve.java:78)
	at org.apache.catalina.connector.CoyoteAdapter.service(CoyoteAdapter.java:364)
	at org.apache.coyote.http11.Http11Processor.service(Http11Processor.java:616)
	at org.apache.coyote.AbstractProcessorLight.process(AbstractProcessorLight.java:65)
	at org.apache.coyote.AbstractProtocol$ConnectionHandler.process(AbstractProtocol.java:831)
	at org.apache.tomcat.util.net.NioEndpoint$SocketProcessor.doRun(NioEndpoint.java:1629)
	at org.apache.tomcat.util.net.SocketProcessorBase.run(SocketProcessorBase.java:49)
	at java.util.concurrent.ThreadPoolExecutor.runWorker(ThreadPoolExecutor.java:1149)
	at java.util.concurrent.ThreadPoolExecutor$Worker.run(ThreadPoolExecutor.java:624)
	at org.apache.tomcat.util.threads.TaskThread$WrappingRunnable.run(TaskThread.java:61)
	at java.lang.Thread.run(Thread.java:748)
2021-04-27 19:08:40 INFO  LogHelper:31 - HHH000204: Processing PersistenceUnitInfo [name: default]
2021-04-27 19:08:40 INFO  Version:46 - HHH000412: Hibernate Core {5.4.1.Final}
2021-04-27 19:08:41 INFO  Version:49 - HCANN000001: Hibernate Commons Annotations {5.1.0.Final}
2021-04-27 19:08:43 INFO  Dialect:158 - HHH000400: Using dialect: org.hibernate.dialect.MySQL5Dialect
2021-04-27 19:08:45 INFO  Version:21 - HV000001: Hibernate Validator 6.1.5.Final
2021-04-27 19:08:48 INFO  JtaPlatformInitiator:52 - HHH000490: Using JtaPlatform implementation: [org.hibernate.engine.transaction.jta.platform.internal.NoJtaPlatform]
2021-04-27 19:09:26 INFO  LogHelper:31 - HHH000204: Processing PersistenceUnitInfo [name: default]
2021-04-27 19:09:26 INFO  Version:46 - HHH000412: Hibernate Core {5.4.1.Final}
2021-04-27 19:09:26 INFO  Version:49 - HCANN000001: Hibernate Commons Annotations {5.1.0.Final}
2021-04-27 19:09:27 INFO  Dialect:158 - HHH000400: Using dialect: org.hibernate.dialect.MySQL5Dialect
2021-04-27 19:09:28 INFO  Version:21 - HV000001: Hibernate Validator 6.1.5.Final
2021-04-27 19:09:29 INFO  JtaPlatformInitiator:52 - HHH000490: Using JtaPlatform implementation: [org.hibernate.engine.transaction.jta.platform.internal.NoJtaPlatform]
2021-04-27 19:11:28 INFO  LogHelper:31 - HHH000204: Processing PersistenceUnitInfo [name: default]
2021-04-27 19:11:28 INFO  Version:46 - HHH000412: Hibernate Core {5.4.1.Final}
2021-04-27 19:11:28 INFO  Version:49 - HCANN000001: Hibernate Commons Annotations {5.1.0.Final}
2021-04-27 19:11:29 INFO  Dialect:158 - HHH000400: Using dialect: org.hibernate.dialect.MySQL5Dialect
2021-04-27 19:11:30 INFO  Version:21 - HV000001: Hibernate Validator 6.1.5.Final
2021-04-27 19:11:31 INFO  JtaPlatformInitiator:52 - HHH000490: Using JtaPlatform implementation: [org.hibernate.engine.transaction.jta.platform.internal.NoJtaPlatform]
2021-04-27 19:12:25 INFO  LogHelper:31 - HHH000204: Processing PersistenceUnitInfo [name: default]
2021-04-27 19:12:25 INFO  Version:46 - HHH000412: Hibernate Core {5.4.1.Final}
2021-04-27 19:12:25 INFO  Version:49 - HCANN000001: Hibernate Commons Annotations {5.1.0.Final}
2021-04-27 19:12:26 INFO  Dialect:158 - HHH000400: Using dialect: org.hibernate.dialect.MySQL5Dialect
2021-04-27 19:12:26 INFO  Version:21 - HV000001: Hibernate Validator 6.1.5.Final
2021-04-27 19:12:28 INFO  JtaPlatformInitiator:52 - HHH000490: Using JtaPlatform implementation: [org.hibernate.engine.transaction.jta.platform.internal.NoJtaPlatform]
2021-04-27 19:13:19 INFO  LogHelper:31 - HHH000204: Processing PersistenceUnitInfo [name: default]
2021-04-27 19:13:19 INFO  Version:46 - HHH000412: Hibernate Core {5.4.1.Final}
2021-04-27 19:13:19 INFO  Version:49 - HCANN000001: Hibernate Commons Annotations {5.1.0.Final}
2021-04-27 19:13:20 INFO  Dialect:158 - HHH000400: Using dialect: org.hibernate.dialect.MySQL5Dialect
2021-04-27 19:13:20 INFO  Version:21 - HV000001: Hibernate Validator 6.1.5.Final
2021-04-27 19:13:22 INFO  JtaPlatformInitiator:52 - HHH000490: Using JtaPlatform implementation: [org.hibernate.engine.transaction.jta.platform.internal.NoJtaPlatform]
2021-04-27 20:39:03 INFO  LogHelper:31 - HHH000204: Processing PersistenceUnitInfo [name: default]
2021-04-27 20:39:03 INFO  Version:46 - HHH000412: Hibernate Core {5.4.1.Final}
2021-04-27 20:39:03 INFO  Version:49 - HCANN000001: Hibernate Commons Annotations {5.1.0.Final}
2021-04-27 20:39:04 INFO  Dialect:158 - HHH000400: Using dialect: org.hibernate.dialect.MySQL5Dialect
2021-04-27 20:39:05 INFO  Version:21 - HV000001: Hibernate Validator 6.1.5.Final
2021-04-27 20:39:07 INFO  JtaPlatformInitiator:52 - HHH000490: Using JtaPlatform implementation: [org.hibernate.engine.transaction.jta.platform.internal.NoJtaPlatform]
2021-04-28 01:39:08 INFO  LogHelper:31 - HHH000204: Processing PersistenceUnitInfo [name: default]
2021-04-28 01:39:08 INFO  Version:46 - HHH000412: Hibernate Core {5.4.1.Final}
2021-04-28 01:39:09 INFO  Version:49 - HCANN000001: Hibernate Commons Annotations {5.1.0.Final}
2021-04-28 01:39:10 INFO  Dialect:158 - HHH000400: Using dialect: org.hibernate.dialect.MySQL5Dialect
2021-04-28 01:39:11 INFO  Version:21 - HV000001: Hibernate Validator 6.1.5.Final
2021-04-28 01:39:13 INFO  JtaPlatformInitiator:52 - HHH000490: Using JtaPlatform implementation: [org.hibernate.engine.transaction.jta.platform.internal.NoJtaPlatform]
2021-04-28 01:42:35 INFO  UserServiceImpl:78 - --- New user was added ---
2021-04-28 01:51:12 INFO  LogHelper:31 - HHH000204: Processing PersistenceUnitInfo [name: default]
2021-04-28 01:51:12 INFO  Version:46 - HHH000412: Hibernate Core {5.4.1.Final}
2021-04-28 01:51:13 INFO  Version:49 - HCANN000001: Hibernate Commons Annotations {5.1.0.Final}
2021-04-28 01:51:14 INFO  Dialect:158 - HHH000400: Using dialect: org.hibernate.dialect.MySQL5Dialect
2021-04-28 01:51:15 INFO  Version:21 - HV000001: Hibernate Validator 6.1.5.Final
2021-04-28 01:51:16 INFO  JtaPlatformInitiator:52 - HHH000490: Using JtaPlatform implementation: [org.hibernate.engine.transaction.jta.platform.internal.NoJtaPlatform]
2021-04-28 01:52:09 INFO  LogHelper:31 - HHH000204: Processing PersistenceUnitInfo [name: default]
2021-04-28 01:52:09 INFO  Version:46 - HHH000412: Hibernate Core {5.4.1.Final}
2021-04-28 01:52:09 INFO  Version:49 - HCANN000001: Hibernate Commons Annotations {5.1.0.Final}
2021-04-28 01:52:10 INFO  Dialect:158 - HHH000400: Using dialect: org.hibernate.dialect.MySQL5Dialect
2021-04-28 01:52:11 INFO  Version:21 - HV000001: Hibernate Validator 6.1.5.Final
2021-04-28 01:52:12 INFO  JtaPlatformInitiator:52 - HHH000490: Using JtaPlatform implementation: [org.hibernate.engine.transaction.jta.platform.internal.NoJtaPlatform]
2021-04-28 01:54:11 INFO  LogHelper:31 - HHH000204: Processing PersistenceUnitInfo [name: default]
2021-04-28 01:54:11 INFO  Version:46 - HHH000412: Hibernate Core {5.4.1.Final}
2021-04-28 01:54:12 INFO  Version:49 - HCANN000001: Hibernate Commons Annotations {5.1.0.Final}
2021-04-28 01:54:13 INFO  Dialect:158 - HHH000400: Using dialect: org.hibernate.dialect.MySQL5Dialect
2021-04-28 01:54:13 INFO  Version:21 - HV000001: Hibernate Validator 6.1.5.Final
2021-04-28 01:54:15 INFO  JtaPlatformInitiator:52 - HHH000490: Using JtaPlatform implementation: [org.hibernate.engine.transaction.jta.platform.internal.NoJtaPlatform]
